p/9904127656_f76a5a4811_m.jpg 1 0 0 159 240
p/9825716455_f12bcc8d4e_n.jpg 1 0 0 320 240
p/9783416751_b2a03920f7_n.jpg 1 0 0 320 212
p/9699724719_a8439cc0fd_n.jpg 1 0 0 320 240
p/9681915384_b3b646dc92_m.jpg 1 0 0 240 240
p/9655029591_7a77f87500.jpg 1 0 0 500 332
p/9651392844_77f90589ba_n.jpg 1 0 0 320 213
p/9610374042_bb16cded3d.jpg 1 0 0 500 327
p/9610373748_b9cb67bd55.jpg 1 0 0 500 333
p/9610373158_5250bce6ac_n.jpg 1 0 0 320 213
p/9610371852_179e7781ce.jpg 1 0 0 500 333
p/9610098411_f1613c8e14.jpg 1 0 0 500 318
p/9599534035_ae4df582b6.jpg 1 0 0 500 332
p/9588522189_db6166f67f.jpg 1 0 0 500 333
p/9564240106_0577e919da_n.jpg 1 0 0 320 240
p/9558632814_e78a780f4f.jpg 1 0 0 500 333
p/9558630626_52a1b7d702_m.jpg 1 0 0 159 240
p/9558628596_722c29ec60_m.jpg 1 0 0 159 240
p/9558627290_353a14ba0b_m.jpg 1 0 0 160 240
p/9555827829_74e6f60f1d_m.jpg 1 0 0 160 240
p/9555824387_32b151e9b0_m.jpg 1 0 0 240 240
p/9538283930_0faea083bb_n.jpg 1 0 0 320 213
p/9535500195_543d0b729b.jpg 1 0 0 500 333
p/9511172241_8aee411e2e.jpg 1 0 0 500 333
p/9497774935_a7daec5433_n.jpg 1 0 0 320 240
p/9497774249_7f5ae70927_m.jpg 1 0 0 214 240
p/9491955955_d0b2c83834.jpg 1 0 0 500 266
p/9485002920_59af6f4cac.jpg 1 0 0 500 336
p/9484354480_07ff2ef0a6.jpg 1 0 0 500 333
p/9483429732_5ae73eb672_n.jpg 1 0 0 320 282
p/9482209981_bf7bf6022b_m.jpg 1 0 0 240 217
p/9481563239_01b585b41d_n.jpg 1 0 0 320 247
p/9461693602_710f20904f.jpg 1 0 0 500 332
p/9460336948_6ae968be93.jpg 1 0 0 500 332
p/9448615838_04078d09bf_n.jpg 1 0 0 320 274
p/9445830851_e9a126fd1d_n.jpg 1 0 0 320 284
p/9432335346_e298e47713_n.jpg 1 0 0 320 240
p/9431896325_23bf6e8761.jpg 1 0 0 500 332
p/9431890901_cd11bda584_n.jpg 1 0 0 320 212
p/9427945592_07a2676945_n.jpg 1 0 0 320 240
p/9410186154_465642ed35.jpg 1 0 0 500 332
p/9399711558_7cb9547cd3_n.jpg 1 0 0 320 236
p/9384867134_83af458a19_n.jpg 1 0 0 320 240
p/9381481549_5a5d503e42_n.jpg 1 0 0 320 240
p/9375675309_987d32f99e_n.jpg 1 0 0 320 240
p/9359374034_21fb12d613_n.jpg 1 0 0 320 249
p/9339697826_88c9c4dc50.jpg 1 0 0 500 332
p/9309473873_9d62b9082e.jpg 1 0 0 500 331
p/9302733302_2cb92cf275.jpg 1 0 0 500 333
p/9246304620_768d1f54d7_n.jpg 1 0 0 320 213
p/9240129413_f240ce7866_n.jpg 1 0 0 320 268
p/9240005603_6a9b71dcea_n.jpg 1 0 0 320 240
p/9231555352_d2dd8f8e68_m.jpg 1 0 0 159 240
p/9216286876_289a4779f7.jpg 1 0 0 500 318
p/9216286162_6ceefdd1b4_m.jpg 1 0 0 152 240
p/9213511121_836a458021_m.jpg 1 0 0 240 240
p/9206376642_8348ba5c7a.jpg 1 0 0 500 333
p/9111896677_ff0b6fa6f6_n.jpg 1 0 0 320 213
p/9056495873_66e351b17c_n.jpg 1 0 0 320 240
p/8929288228_6795bcb1fe.jpg 1 0 0 500 333
p/8929274876_17efc1774a_n.jpg 1 0 0 320 213
p/8929213942_5544191250_n.jpg 1 0 0 320 213
p/8928658373_fdca5ff1b8.jpg 1 0 0 500 333
p/8928614683_6c168edcfc.jpg 1 0 0 500 333
p/8705462313_4458d64cd4.jpg 1 0 0 500 343
p/8563099326_8be9177101.jpg 1 0 0 500 257
p/8543642705_b841b0e5f6.jpg 1 0 0 500 333
p/8481979626_98c9f88848_n.jpg 1 0 0 320 216
p/8480886751_71d88bfdc0_n.jpg 1 0 0 320 213
p/8478248531_1a16e232b5.jpg 1 0 0 500 332
p/8368015811_2893411cf7_n.jpg 1 0 0 320 236
p/8292914969_4a76608250_m.jpg 1 0 0 240 228
p/8266310743_02095e782d_m.jpg 1 0 0 214 240
p/8265023280_713f2c69d0_m.jpg 1 0 0 180 240
p/8249000137_eddfffa380_n.jpg 1 0 0 320 215
p/8234846550_fdaf326dbe.jpg 1 0 0 500 332
p/8202034834_ee0ee91e04_n.jpg 1 0 0 320 215
p/8192234807_fed4a46f1a_n.jpg 1 0 0 320 213
p/8174972548_0051c2d431.jpg 1 0 0 500 331
p/8174970894_7f9a26be7e.jpg 1 0 0 500 331
p/8174941335_56389b53e9_n.jpg 1 0 0 320 211
p/8174935717_d19367d502.jpg 1 0 0 500 331
p/8174935013_b16626b49b.jpg 1 0 0 500 331
p/8081530919_c882d46bb0_n.jpg 1 0 0 320 240
p/8071460469_a7c2c34b97_n.jpg 1 0 0 320 240
p/8041242566_752def876e_n.jpg 1 0 0 320 227
p/8038712786_5bdeed3c7f_m.jpg 1 0 0 240 240
p/8021568040_f891223c44_n.jpg 1 0 0 320 213
p/8014735546_3db46bb1fe_n.jpg 1 0 0 320 217
p/8014734302_65c6e83bb4_m.jpg 1 0 0 168 240
p/7935826214_9b57628203_m.jpg 1 0 0 240 240
p/7857605684_fc86440c23.jpg 1 0 0 500 341
p/7820626738_3be6a52e4e_n.jpg 1 0 0 320 212
p/7820523050_76c8caa025.jpg 1 0 0 500 332
p/6198569587_23c3693328_m.jpg 1 0 0 180 240
p/6198569425_e953b9e6cc_m.jpg 1 0 0 180 240
p/6166888942_7058198713_m.jpg 1 0 0 172 240
p/6145005439_ef6e07f9c6_n.jpg 1 0 0 320 240
p/6141199476_9b6d383fd9.jpg 1 0 0 500 332
p/6141150299_b46a64e4de.jpg 1 0 0 500 332