p/img_p3_121.jpeg 1 0 0 225 225
p/img_p3_119.jpeg 1 0 0 275 183
p/img_p3_117.jpeg 1 0 0 284 178
p/img_p3_115.jpeg 1 0 0 206 245
p/img_p3_113.jpeg 1 0 0 311 162
p/img_p3_109.jpeg 1 0 0 225 225
p/img_p3_107.jpeg 1 0 0 225 225
p/img_p3_103.jpeg 1 0 0 225 225
p/img_p3_101.jpeg 1 0 0 225 225
p/img_p3_100.jpeg 1 0 0 288 175
p/img_p3_10.jpeg 1 0 0 196 196
p/img_p2_98.jpeg 1 0 0 225 225
p/img_p2_96.jpeg 1 0 0 259 194
p/img_p2_94.jpeg 1 0 0 218 231
p/img_p2_92.jpeg 1 0 0 259 194
p/img_p2_90.jpeg 1 0 0 234 215
p/img_p2_88.jpeg 1 0 0 290 173
p/img_p2_86.jpeg 1 0 0 258 195
p/img_p2_81.jpeg 1 0 0 275 183
p/img_p2_79.jpeg 1 0 0 225 225
p/img_p2_77.jpeg 1 0 0 225 225
p/img_p2_76.jpeg 1 0 0 275 183
p/img_p2_74.jpeg 1 0 0 225 225
p/img_p2_4.jpeg 1 0 0 100 100
p/img_p2_39.jpeg 1 0 0 216 233
p/img_p2_37.jpeg 1 0 0 225 225
p/img_p2_36.jpeg 1 0 0 100 100
p/img_p2_34.jpeg 1 0 0 100 100
p/img_p2_32.jpeg 1 0 0 224 225
p/img_p2_30.jpeg 1 0 0 242 208
p/img_p2_26.jpeg 1 0 0 291 173
p/img_p2_24.jpeg 1 0 0 225 225
p/img_p2_23.jpeg 1 0 0 159 159
p/img_p2_22.jpeg 1 0 0 159 159
p/img_p2_21.jpeg 1 0 0 100 100
p/img_p2_20.jpeg 1 0 0 100 100
p/img_p2_19.jpeg 1 0 0 100 100
p/img_p2_18.jpeg 1 0 0 100 100
p/img_p2_17.jpeg 1 0 0 100 100
p/img_p2_16.jpeg 1 0 0 100 100
p/img_p2_15.jpeg 1 0 0 100 100
p/img_p2_14.jpeg 1 0 0 100 100
p/img_p2_118.jpeg 1 0 0 294 171
p/img_p2_112.jpeg 1 0 0 225 225
p/img_p2_110.jpeg 1 0 0 248 204
p/img_p2_11.jpeg 1 0 0 100 100
p/img_p2_108.jpeg 1 0 0 201 250
p/img_p2_104.jpeg 1 0 0 216 233
p/img_p2_102.jpeg 1 0 0 275 184
p/img_p2_100.jpeg 1 0 0 318 159
p/img_p1_92.jpeg 1 0 0 259 194
p/img_p1_86.jpeg 1 0 0 225 225
p/img_p1_80.jpeg 1 0 0 223 226
p/img_p1_78.jpeg 1 0 0 318 159
p/img_p1_72.jpeg 1 0 0 225 225
p/img_p1_67.jpeg 1 0 0 208 242
p/img_p1_65.jpeg 1 0 0 228 221
p/img_p1_63.jpeg 1 0 0 183 275
p/img_p1_61.jpeg 1 0 0 225 225
p/img_p1_6.jpeg 1 0 0 100 100
p/img_p1_59.jpeg 1 0 0 310 163
p/img_p1_57.jpeg 1 0 0 225 225
p/img_p1_5.jpeg 1 0 0 100 100
p/img_p1_48.jpeg 1 0 0 275 183
p/img_p1_46.jpeg 1 0 0 260 194
p/img_p1_44.jpeg 1 0 0 225 225
p/img_p1_41.jpeg 1 0 0 150 150
p/img_p1_40.jpeg 1 0 0 150 150
p/img_p1_4.jpeg 1 0 0 100 100
p/img_p1_39.jpeg 1 0 0 176 177
p/img_p1_38.jpeg 1 0 0 176 177
p/img_p1_37.jpeg 1 0 0 159 159
p/img_p1_35.jpeg 1 0 0 159 159
p/img_p1_32.jpeg 1 0 0 159 159
p/img_p1_31.jpeg 1 0 0 159 159
p/img_p1_28.jpeg 1 0 0 177 118
p/img_p1_25.jpeg 1 0 0 196 196
p/img_p1_24.jpeg 1 0 0 196 196
p/img_p1_23.jpeg 1 0 0 196 196
p/img_p1_22.jpeg 1 0 0 196 196
p/img_p1_21.jpeg 1 0 0 100 100
p/img_p1_20.jpeg 1 0 0 100 100
p/img_p1_18.jpeg 1 0 0 100 100
p/img_p1_17.jpeg 1 0 0 100 100
p/img_p1_137.jpeg 1 0 0 230 219
p/img_p1_135.jpeg 1 0 0 225 225
p/img_p1_13.jpeg 1 0 0 100 100
p/img_p1_129.jpeg 1 0 0 225 225
p/img_p1_125.jpeg 1 0 0 225 225
p/img_p1_123.jpeg 1 0 0 225 225
p/img_p1_12.jpeg 1 0 0 100 100
p/img_p1_119.jpeg 1 0 0 300 168
p/img_p1_117.jpeg 1 0 0 258 195
p/img_p1_115.jpeg 1 0 0 251 201
p/img_p1_113.jpeg 1 0 0 216 233
p/img_p1_11.jpeg 1 0 0 100 100
p/img_p1_109.jpeg 1 0 0 194 259
p/img_p1_107.jpeg 1 0 0 275 183
p/img_p1_100.jpeg 1 0 0 215 234
p/img_p1_10.jpeg 1 0 0 100 100