p/8750288831_5e49a9f29b.jpg 1 0 0 500 333
p/8723767533_9145dec4bd_n.jpg 1 0 0 320 209
p/8722514702_7ecc68691c.jpg 1 0 0 500 331
p/8713407768_f880df361f.jpg 1 0 0 500 333
p/8713398906_28e59a225a_n.jpg 1 0 0 320 213
p/8713398614_88202e452e_n.jpg 1 0 0 320 213
p/8713398114_bc96f1b624_n.jpg 1 0 0 320 213
p/8713397694_bcbcbba2c2_n.jpg 1 0 0 320 213
p/8713397358_0505cc0176_n.jpg 1 0 0 320 213
p/8713396140_5af8136136.jpg 1 0 0 500 333
p/8706523526_a0f161b72b.jpg 1 0 0 500 332
p/8697784345_e75913d220.jpg 1 0 0 500 333
p/8695367666_0809529eaf_n.jpg 1 0 0 320 213
p/8690791226_b1f015259f_n.jpg 1 0 0 320 240
p/8690789564_394eb04982_n.jpg 1 0 0 320 240
p/8689672277_b289909f97_n.jpg 1 0 0 320 240
p/8668974855_8389ecbdca_m.jpg 1 0 0 240 240
p/8668973377_c69527db42_m.jpg 1 0 0 240 240
p/8659691170_09db83d023.jpg 1 0 0 500 333
p/8628453641_6f87755815_m.jpg 1 0 0 240 240
p/9485002920_59af6f4cac.jpg 1 0 0 500 336
p/9484354480_07ff2ef0a6.jpg 1 0 0 500 333
p/9483429732_5ae73eb672_n.jpg 1 0 0 320 282
p/9482209981_bf7bf6022b_m.jpg 1 0 0 240 217
p/9481563239_01b585b41d_n.jpg 1 0 0 320 247
p/9461693602_710f20904f.jpg 1 0 0 500 332
p/9309473873_9d62b9082e.jpg 1 0 0 500 331
p/9302733302_2cb92cf275.jpg 1 0 0 500 333
p/9246304620_768d1f54d7_n.jpg 1 0 0 320 213
p/9240129413_f240ce7866_n.jpg 1 0 0 320 268
p/9240005603_6a9b71dcea_n.jpg 1 0 0 320 240
p/9206376642_8348ba5c7a.jpg 1 0 0 500 333
p/9111896677_ff0b6fa6f6_n.jpg 1 0 0 320 213
p/9056495873_66e351b17c_n.jpg 1 0 0 320 240
p/8929288228_6795bcb1fe.jpg 1 0 0 500 333
p/8929274876_17efc1774a_n.jpg 1 0 0 320 213
p/7935826214_9b57628203_m.jpg 1 0 0 240 240
p/7857605684_fc86440c23.jpg 1 0 0 500 341
p/7820626738_3be6a52e4e_n.jpg 1 0 0 320 212
p/7820523050_76c8caa025.jpg 1 0 0 500 332
p/7525783408_0999483bf4_m.jpg 1 0 0 175 240
p/7502389724_85b4a6c855_n.jpg 1 0 0 320 282
p/7455236056_b6d71a8dab.jpg 1 0 0 500 332
p/7420699022_60fa574524_m.jpg 1 0 0 240 240
p/7419966772_d6c1c22a81.jpg 1 0 0 500 282
p/7409458444_0bfc9a0682_n.jpg 1 0 0 320 277
p/7376473742_532364cee5_n.jpg 1 0 0 320 213
p/7376471712_e1be793f94.jpg 1 0 0 500 333
p/7345657862_689366e79a.jpg 1 0 0 500 322
p/7316409504_7cf3707f8a_m.jpg 1 0 0 180 240
p/5537794501_a0767743fd_n.jpg 1 0 0 320 255
p/5529341024_0c35f2657d.jpg 1 0 0 500 333
p/5526964611_76ef13025c_n.jpg 1 0 0 320 231
p/5497730366_44d758d8f5.jpg 1 0 0 500 334
p/5492988531_574cdc2bf0_n.jpg 1 0 0 320 240
p/5487945052_bcb8e9fc8b_m.jpg 1 0 0 240 240
p/5419629292_2f06e4b295.jpg 1 0 0 500 333
p/5402157745_a384f0583d_n.jpg 1 0 0 320 222
p/5398974188_799753449c.jpg 1 0 0 500 333
p/5333437251_ce0aa6925d_n.jpg 1 0 0 320 213
p/9595369280_dd88b61814.jpg 1 0 0 500 333
p/9533964635_f38e6fa3c3.jpg 1 0 0 500 333
p/9517326597_5d116a0166.jpg 1 0 0 500 333
p/9472854850_fc9e1db673.jpg 1 0 0 500 327
p/9301891790_971dcfb35d_m.jpg 1 0 0 240 224
p/9300335851_cdf1cef7a9.jpg 1 0 0 500 332
p/9293460423_7fbb1e3c32_n.jpg 1 0 0 320 240
p/9262004825_710346cde9_n.jpg 1 0 0 320 275
p/9200211647_be34ce978b.jpg 1 0 0 500 331
p/9188647508_3b56e62f69.jpg 1 0 0 500 333
p/9152356642_06ae73113f.jpg 1 0 0 500 333
p/9111669902_9471c3a49c_n.jpg 1 0 0 320 220
p/9029756865_db8891807a_n.jpg 1 0 0 320 281
p/9029297232_de50698e2f_n.jpg 1 0 0 320 240
p/9011235009_58c7b244c1_n.jpg 1 0 0 320 212
p/9010116368_2f51f1e086_n.jpg 1 0 0 320 213
p/8989067485_aab399460b_n.jpg 1 0 0 320 261
p/8981828144_4b66b4edb6_n.jpg 1 0 0 320 240
p/8981659922_7b1be892e7_m.jpg 1 0 0 180 240
p/8980460785_b5e6842e59_n.jpg 1 0 0 320 240
p/8489463746_a9839bf7e4.jpg 1 0 0 500 333
p/8446495985_f72d851482.jpg 1 0 0 500 333
p/8383753520_8391dd80ee_m.jpg 1 0 0 194 240
p/8382667241_0f046cecdb_n.jpg 1 0 0 320 246
p/8348621545_8f02b82662_n.jpg 1 0 0 320 213
p/8127252886_96558c23d1.jpg 1 0 0 500 299
p/8120563761_ed5620664f_m.jpg 1 0 0 215 240
p/8094774544_35465c1c64.jpg 1 0 0 500 238
p/8085329197_41d53a21e2_n.jpg 1 0 0 320 213
p/8071646795_2fdc89ab7a_n.jpg 1 0 0 320 213
p/8063844363_db3f4dea85.jpg 1 0 0 500 333
p/8021540573_c56cf9070d_n.jpg 1 0 0 320 216
p/8008258043_5457dd254b_n.jpg 1 0 0 320 213
p/7924174040_444d5bbb8a.jpg 1 0 0 500 333
p/7790614422_4557928ab9_n.jpg 1 0 0 320 240
p/7749368884_1fc58c67ff_n.jpg 1 0 0 320 263
p/7702332000_3f21ef4571_n.jpg 1 0 0 320 238
p/7669550908_bc5a11276f_n.jpg 1 0 0 320 213
p/7633425046_8293e3d0e9_m.jpg 1 0 0 232 240
p/7630520686_e3a61ac763.jpg 1 0 0 500 332